0 info it worked if it ends with ok
1 verbose cli [ 'd:\\nodejs\\node.exe',
1 verbose cli   'd:\\nodejs\\node_modules\\npm\\bin\\npm-cli.js',
1 verbose cli   'run',
1 verbose cli   'watch' ]
2 info using npm@3.10.10
3 info using node@v6.10.2
4 verbose run-script [ 'prewatch', 'watch', 'postwatch' ]
5 info lifecycle java-getter-setter@0.0.1~prewatch: java-getter-setter@0.0.1
6 silly lifecycle java-getter-setter@0.0.1~prewatch: no script for prewatch, continuing
7 info lifecycle java-getter-setter@0.0.1~watch: java-getter-setter@0.0.1
8 verbose lifecycle java-getter-setter@0.0.1~watch: unsafe-perm in lifecycle true
9 verbose lifecycle java-getter-setter@0.0.1~watch: PATH: d:\nvm\v6.10.2\node_modules\npm\bin\node-gyp-bin;F:\github\java-getter-setter\node_modules\.bin;C:\Windows\system32;C:\Windows;C:\Windows\System32\Wbem;C:\Windows\System32\WindowsPowerShell\v1.0\;C:\Program Files (x86)\NVIDIA Corporation\PhysX\Common;C:\Program Files\Git\cmd;d:\nvm;d:\nodejs;d:\nodejs\node_modules;C:\Program Files\TortoiseSVN\bin;C:\Program Files\Java\apache-maven-3.5.2\bin;C:\Program Files\Java\apache-ant-1.10.1\bin;D:\Calibre2\;C:\WINDOWS\system32;C:\WINDOWS;C:\WINDOWS\System32\Wbem;C:\WINDOWS\System32\WindowsPowerShell\v1.0\;F:\android-sdks;F:\android-sdks\platform-tools;F:\android-sdks\tools;F:\android-sdks\tools\bin;C:\Program Files\Java\gradle-4.3.1\bin;D:\Vagrant\bin;D:\cmder;C:\Program Files\Java\jdk1.8.0_101\bin;D:\Python\Python36\Scripts\;D:\Python\Python36\;C:\Ruby24-x64\bin;C:\Users\sulin\AppData\Local\Microsoft\WindowsApps;C:\Program Files (x86)\Microsoft VS Code\bin;d:\nvm;d:\nodejs;d:\putty;d:\Microsoft VS Code Insiders\bin;D:\Vim\vim80;
10 verbose lifecycle java-getter-setter@0.0.1~watch: CWD: F:\github\java-getter-setter
11 silly lifecycle java-getter-setter@0.0.1~watch: Args: [ '/d /s /c', 'tsc -watch -p ./' ]
12 silly lifecycle java-getter-setter@0.0.1~watch: Returned: code: 3221225786  signal: null
13 info lifecycle java-getter-setter@0.0.1~watch: Failed to exec watch script
14 verbose stack Error: java-getter-setter@0.0.1 watch: `tsc -watch -p ./`
14 verbose stack Exit status 3221225786
14 verbose stack     at EventEmitter.<anonymous> (d:\nvm\v6.10.2\node_modules\npm\lib\utils\lifecycle.js:255:16)
14 verbose stack     at emitTwo (events.js:106:13)
14 verbose stack     at EventEmitter.emit (events.js:191:7)
14 verbose stack     at ChildProcess.<anonymous> (d:\nvm\v6.10.2\node_modules\npm\lib\utils\spawn.js:40:14)
14 verbose stack     at emitTwo (events.js:106:13)
14 verbose stack     at ChildProcess.emit (events.js:191:7)
14 verbose stack     at maybeClose (internal/child_process.js:886:16)
14 verbose stack     at Process.ChildProcess._handle.onexit (internal/child_process.js:226:5)
15 verbose pkgid java-getter-setter@0.0.1
16 verbose cwd F:\github\java-getter-setter
17 error Windows_NT 10.0.16299
18 error argv "d:\\nodejs\\node.exe" "d:\\nodejs\\node_modules\\npm\\bin\\npm-cli.js" "run" "watch"
19 error node v6.10.2
20 error npm  v3.10.10
21 error code ELIFECYCLE
22 error java-getter-setter@0.0.1 watch: `tsc -watch -p ./`
22 error Exit status 3221225786
23 error Failed at the java-getter-setter@0.0.1 watch script 'tsc -watch -p ./'.
23 error Make sure you have the latest version of node.js and npm installed.
23 error If you do, this is most likely a problem with the java-getter-setter package,
23 error not with npm itself.
23 error Tell the author that this fails on your system:
23 error     tsc -watch -p ./
23 error You can get information on how to open an issue for this project with:
23 error     npm bugs java-getter-setter
23 error Or if that isn't available, you can get their info via:
23 error     npm owner ls java-getter-setter
23 error There is likely additional logging output above.
24 verbose exit [ 1, true ]
